<?xml version="1.0" encoding="UTF-8"?>
<!-- Generated by org.testng.reporters.JUnitXMLReporter -->
<testsuite ignored="0" hostname="DESKTOP-JBR414N" failures="1" tests="1" name="Test" time="49.957" errors="0" timestamp="2022-07-05T14:33:09 IST">
  <testcase classname="KiteTest.ValidateKiteUserID2PropertyFile" name="validateUserID" time="2.683">
    <failure type="java.lang.AssertionError" message="null">
      <![CDATA[java.lang.AssertionError: null
at KiteTest.ValidateKiteUserID2PropertyFile.validateUserID(ValidateKiteUserID2PropertyFile.java:67)
at java.base/java.util.ArrayList.forEach(ArrayList.java:1541)
... Removed 29 stack frames]]>
    </failure>
  </testcase> <!-- validateUserID -->
</testsuite> <!-- Test -->
